<?xml version="1.0" encoding="UTF-8"?>
<!-- Generated by org.testng.reporters.JUnitReportReporter -->
<testsuite hostname="LAPTOP-ME5I2HP2" failures="0" tests="15" name="testScenario.Login" time="31.944" errors="0" timestamp="2024-09-23T21:02:38 WIB" skipped="0">
  <testcase classname="testScenario.Login" name="verifyHeaderHomePage" time="2.052"/>
  <system-out/>
  <testcase classname="testScenario.Login" name="clickLinkForgotPassword" time="2.251"/>
  <system-out/>
  <testcase classname="testScenario.Login" name="verifyHeaderPassword" time="2.029"/>
  <system-out/>
  <testcase classname="testScenario.Login" name="inputName" time="2.066"/>
  <system-out/>
  <testcase classname="testScenario.Login" name="inputEmail" time="2.065"/>
  <system-out/>
  <testcase classname="testScenario.Login" name="inputPhone" time="2.060"/>
  <system-out/>
  <testcase classname="testScenario.Login" name="clickButtonResetLogin" time="2.264"/>
  <system-out/>
  <testcase classname="testScenario.Login" name="verifyHeaderPasswordAfter" time="2.027"/>
  <system-out/>
  <testcase classname="testScenario.Login" name="clickButtonGoToLogin" time="2.238"/>
  <system-out/>
  <testcase classname="testScenario.Login" name="inputUsername" time="2.062"/>
  <system-out/>
  <testcase classname="testScenario.Login" name="inputPassword" time="2.075"/>
  <system-out/>
  <testcase classname="testScenario.Login" name="clickCheckBoxRemember" time="2.251"/>
  <system-out/>
  <testcase classname="testScenario.Login" name="clickCheckBoxTerm" time="2.226"/>
  <system-out/>
  <testcase classname="testScenario.Login" name="clickButtonSignIn" time="2.247"/>
  <system-out/>
  <testcase classname="testScenario.Login" name="verifyAfterLogin" time="2.031"/>
  <system-out/>
</testsuite> <!-- testScenario.Login -->
